<?xml version="1.0" encoding="UTF-8"?>
<!-- Generated by org.testng.reporters.JUnitReportReporter -->
<testsuite skipped="0" hostname="jombay-Latitude-3480" name="search.jombay_search.CompaniesPage" tests="1" failures="0" timestamp="11 Apr 2019 10:18:28 GMT" time="26.034" errors="0">
  <testcase name="searchTest" time="26.034" classname="search.jombay_search.CompaniesPage"/>
</testsuite> <!-- search.jombay_search.CompaniesPage -->
